1385013723839|-1||debug||com.p6spy.engine.common.P6SpyOptions reloading properties
1385013723843|-1||info||Using properties file: E:\Project\Maven\SSHEasyUI\Heibernate\target\classes\spy.properties
1385013723844|-1||info||No value in environment for: getAppender, using: com.p6spy.engine.logging.appender.StdoutLogger
1385013723844|-1||info||No value in environment for: getUsePrefix, using: false
1385013723844|-1||info||No value in environment for: getSpydriver, using: com.p6spy.engine.spy.P6SpyDriver
1385013723844|-1||info||No value in environment for: getAutoflush, using: false
1385013723844|-1||info||No value in environment for: getLogfile, using: spy.log
1385013723844|-1||info||No value in environment for: getAppend, using: true
1385013723844|-1||info||No value in environment for: getExclude, using: null
1385013723844|-1||info||No value in environment for: getInclude, using: null
1385013723844|-1||info||No value in environment for: getReloadPropertiesInterval, using: -1
1385013723844|-1||info||No value in environment for: getJNDIContextProviderURL, using: null
1385013723844|-1||info||No value in environment for: getRealDataSourceClass, using: null
1385013723844|-1||info||No value in environment for: getRealDataSourceProperties, using: null
1385013723844|-1||info||No value in environment for: getExecutionThreshold, using: 0
1385013723844|-1||info||No value in environment for: getStringMatcherEngine, using: com.p6spy.engine.common.SubstringMatcher@1287249
1385013723844|-1||info||No value in environment for: getJNDIContextFactory, using: null
1385013723845|-1||info||No value in environment for: getDeregisterDrivers, using: true
1385013723845|-1||info||No value in environment for: getRealdriver2, using: null
1385013723845|-1||info||No value in environment for: getStringmatcher, using: com.p6spy.engine.common.SubstringMatcher
1385013723845|-1||info||No value in environment for: getIncludecategories, using: null
1385013723845|-1||info||No value in environment for: getExcludecategories, using: info,debug,result,batch
1385013723845|-1||info||No value in environment for: getDateformat, using: null
1385013723845|-1||info||No value in environment for: getSQLExpression, using: null
1385013723845|-1||info||No value in environment for: getStackTraceClass, using: null
1385013723845|-1||info||No value in environment for: getDateformatter, using: null
1385013723845|-1||info||No value in environment for: getRealdriver3, using: null
1385013723845|-1||info||No value in environment for: getRealdriver, using: com.mysql.jdbc.Driver
1385013723845|-1||info||No value in environment for: getReloadProperties, using: false
1385013723845|-1||info||No value in environment for: getJNDIContextCustom, using: null
1385013723845|-1||info||No value in environment for: getRealDataSource, using: null
1385013723845|-1||info||No value in environment for: getStackTrace, using: false
1385013723846|-1||info||No value in environment for: getFilter, using: false
